2026-04-17 12:30:32,120 - __main__ - INFO - Бот запускается
2026-04-17 12:30:32,120 - aiogram.dispatcher - INFO - Start polling
2026-04-17 12:30:33,891 - aiogram.dispatcher - INFO - Run polling for bot @MyFinancialAssistant223Bot id=8674245853 - 'financial-assistant-telegram'
2026-04-17 12:30:47,588 - aiogram.event - INFO - Update id=353188162 is handled. Duration 4621 ms by bot id=8674245853
2026-04-17 12:30:51,554 - aiogram.event - INFO - Update id=353188163 is handled. Duration 214 ms by bot id=8674245853
2026-04-17 12:30:59,396 - aiogram.event - INFO - Update id=353188164 is handled. Duration 236 ms by bot id=8674245853
2026-04-17 12:31:06,367 - aiogram.event - INFO - Update id=353188165 is handled. Duration 796 ms by bot id=8674245853
2026-04-17 12:31:19,097 - aiogram.event - INFO - Update id=353188166 is handled. Duration 376 ms by bot id=8674245853
2026-04-17 12:31:22,258 - aiogram.event - INFO - Update id=353188167 is not handled. Duration 2 ms by bot id=8674245853
2026-04-17 12:31:22,258 - aiogram.event - ERROR - Cause exception while process update id=353188167 by bot id=8674245853
AttributeError: 'FSMContext' object has no attribute 'clear_state'
Traceback (most recent call last):
  File "C:\Users\User\Desktop\to-do-list\venv\Lib\site-packages\aiogram\dispatcher\dispatcher.py", line 320, in _process_update
    response = await self.feed_update(bot, update, **kwargs)
               ^^^^^^^^^^^^^^^^^^^^^^^^^^^^^^^^^^^^^^^^^^^^^
  File "C:\Users\User\Desktop\to-do-list\venv\Lib\site-packages\aiogram\dispatcher\dispatcher.py", line 164, in feed_update
    response = await self.update.wrap_outer_middleware(
               ^^^^^^^^^^^^^^^^^^^^^^^^^^^^^^^^^^^^^^^^
    ...<7 lines>...
    )
    ^
  File "C:\Users\User\Desktop\to-do-list\venv\Lib\site-packages\aiogram\dispatcher\middlewares\error.py", line 27, in __call__
    return await handler(event, data)
           ^^^^^^^^^^^^^^^^^^^^^^^^^^
  File "C:\Users\User\Desktop\to-do-list\venv\Lib\site-packages\aiogram\dispatcher\middlewares\user_context.py", line 58, in __call__
    return await handler(event, data)
           ^^^^^^^^^^^^^^^^^^^^^^^^^^
  File "C:\Users\User\Desktop\to-do-list\venv\Lib\site-packages\aiogram\fsm\middleware.py", line 43, in __call__
    return await handler(event, data)
           ^^^^^^^^^^^^^^^^^^^^^^^^^^
  File "C:\Users\User\Desktop\to-do-list\venv\Lib\site-packages\aiogram\dispatcher\event\telegram.py", line 126, in trigger
    return await wrapped_inner(event, kwargs)
           ^^^^^^^^^^^^^^^^^^^^^^^^^^^^^^^^^^
  File "C:\Users\User\Desktop\to-do-list\venv\Lib\site-packages\aiogram\dispatcher\event\handler.py", line 71, in call
    return await wrapped()
           ^^^^^^^^^^^^^^^
  File "C:\Users\User\Desktop\to-do-list\venv\Lib\site-packages\aiogram\dispatcher\dispatcher.py", line 283, in _listen_update
    return await self.propagate_event(update_type=update_type, event=event, **kwargs)
           ^^^^^^^^^^^^^^^^^^^^^^^^^^^^^^^^^^^^^^^^^^^^^^^^^^^^^^^^^^^^^^^^^^^^^^^^^^
  File "C:\Users\User\Desktop\to-do-list\venv\Lib\site-packages\aiogram\dispatcher\router.py", line 163, in propagate_event
    return await observer.wrap_outer_middleware(_wrapped, event=event, data=kwargs)
           ^^^^^^^^^^^^^^^^^^^^^^^^^^^^^^^^^^^^^^^^^^^^^^^^^^^^^^^^^^^^^^^^^^^^^^^^
  File "C:\Users\User\Desktop\to-do-list\venv\Lib\site-packages\aiogram\dispatcher\router.py", line 155, in _wrapped
    return await self._propagate_event(
           ^^^^^^^^^^^^^^^^^^^^^^^^^^^^
    ...<4 lines>...
    )
    ^
  File "C:\Users\User\Desktop\to-do-list\venv\Lib\site-packages\aiogram\dispatcher\router.py", line 183, in _propagate_event
    response = await observer.trigger(event, **kwargs)
               ^^^^^^^^^^^^^^^^^^^^^^^^^^^^^^^^^^^^^^^
  File "C:\Users\User\Desktop\to-do-list\venv\Lib\site-packages\aiogram\dispatcher\event\telegram.py", line 126, in trigger
    return await wrapped_inner(event, kwargs)
           ^^^^^^^^^^^^^^^^^^^^^^^^^^^^^^^^^^
  File "C:\Users\User\Desktop\to-do-list\venv\Lib\site-packages\aiogram\dispatcher\event\handler.py", line 71, in call
    return await wrapped()
           ^^^^^^^^^^^^^^^
  File "C:\Users\User\Desktop\to-do-list\bot.py", line 89, in process_priority
    await state.clear_state()
          ^^^^^^^^^^^^^^^^^
AttributeError: 'FSMContext' object has no attribute 'clear_state'
2026-04-17 12:32:22,816 - aiogram.dispatcher - INFO - Polling stopped
2026-04-17 12:32:22,817 - aiogram.dispatcher - ERROR - Failed to fetch updates - TelegramNetworkError: HTTP Client says - ServerDisconnectedError: Server disconnected
2026-04-17 12:32:22,818 - aiogram.dispatcher - WARNING - Sleep for 1.000000 seconds and try again... (tryings = 0, bot id = 8674245853)
2026-04-17 12:32:23,074 - aiogram.dispatcher - INFO - Polling stopped for bot @MyFinancialAssistant223Bot id=8674245853 - 'financial-assistant-telegram'
2026-04-17 12:47:41,248 - __main__ - INFO - Бот запускается
2026-04-17 12:47:41,248 - aiogram.dispatcher - INFO - Start polling
2026-04-17 12:47:53,965 - aiogram.dispatcher - INFO - Run polling for bot @MyFinancialAssistant223Bot id=8674245853 - 'financial-assistant-telegram'
2026-04-17 12:48:27,364 - aiogram.event - INFO - Update id=353188168 is not handled. Duration 14317 ms by bot id=8674245853
2026-04-17 12:48:27,365 - aiogram.event - ERROR - Cause exception while process update id=353188168 by bot id=8674245853
TelegramNetworkError: HTTP Client says - ClientConnectorError: Cannot connect to host api.telegram.org:443 ssl:default [None]
Traceback (most recent call last):
  File "C:\Users\User\Desktop\to-do-list\venv\Lib\site-packages\aiohttp\connector.py", line 1325, in _wrap_create_connection
    return await self._loop.create_connection(*args, **kwargs, sock=sock)
           ^^^^^^^^^^^^^^^^^^^^^^^^^^^^^^^^^^^^^^^^^^^^^^^^^^^^^^^^^^^^^^
  File "C:\Users\User\AppData\Local\Programs\Python\Python313\Lib\asyncio\base_events.py", line 1201, in create_connection
    transport, protocol = await self._create_connection_transport(
                          ^^^^^^^^^^^^^^^^^^^^^^^^^^^^^^^^^^^^^^^^
    ...<2 lines>...
        ssl_shutdown_timeout=ssl_shutdown_timeout)
        ^^^^^^^^^^^^^^^^^^^^^^^^^^^^^^^^^^^^^^^^^^
  File "C:\Users\User\AppData\Local\Programs\Python\Python313\Lib\asyncio\base_events.py", line 1234, in _create_connection_transport
    await waiter
  File "C:\Users\User\AppData\Local\Programs\Python\Python313\Lib\asyncio\sslproto.py", line 581, in _on_handshake_complete
    raise handshake_exc
ConnectionResetError

The above exception was the direct cause of the following exception:

Traceback (most recent call last):
  File "C:\Users\User\Desktop\to-do-list\venv\Lib\site-packages\aiogram\client\session\aiohttp.py", line 167, in make_request
    async with session.post(
               ~~~~~~~~~~~~^
        url,
        ^^^^
        data=form,
        ^^^^^^^^^^
        timeout=self.timeout if timeout is None else timeout,
        ^^^^^^^^^^^^^^^^^^^^^^^^^^^^^^^^^^^^^^^^^^^^^^^^^^^^^
    ) as resp:
    ^
  File "C:\Users\User\Desktop\to-do-list\venv\Lib\site-packages\aiohttp\client.py", line 1521, in __aenter__
    self._resp: _RetType = await self._coro
                           ^^^^^^^^^^^^^^^^
  File "C:\Users\User\Desktop\to-do-list\venv\Lib\site-packages\aiohttp\client.py", line 788, in _request
    resp = await handler(req)
           ^^^^^^^^^^^^^^^^^^
  File "C:\Users\User\Desktop\to-do-list\venv\Lib\site-packages\aiohttp\client.py", line 742, in _connect_and_send_request
    conn = await self._connector.connect(
           ^^^^^^^^^^^^^^^^^^^^^^^^^^^^^^
        req, traces=traces, timeout=real_timeout
        ^^^^^^^^^^^^^^^^^^^^^^^^^^^^^^^^^^^^^^^^
    )
    ^
  File "C:\Users\User\Desktop\to-do-list\venv\Lib\site-packages\aiohttp\connector.py", line 672, in connect
    proto = await self._create_connection(req, traces, timeout)
            ^^^^^^^^^^^^^^^^^^^^^^^^^^^^^^^^^^^^^^^^^^^^^^^^^^^
  File "C:\Users\User\Desktop\to-do-list\venv\Lib\site-packages\aiohttp\connector.py", line 1251, in _create_connection
    _, proto = await self._create_direct_connection(req, traces, timeout)
               ^^^^^^^^^^^^^^^^^^^^^^^^^^^^^^^^^^^^^^^^^^^^^^^^^^^^^^^^^^
  File "C:\Users\User\Desktop\to-do-list\venv\Lib\site-packages\aiohttp\connector.py", line 1623, in _create_direct_connection
    raise last_exc
  File "C:\Users\User\Desktop\to-do-list\venv\Lib\site-packages\aiohttp\connector.py", line 1592, in _create_direct_connection
    transp, proto = await self._wrap_create_connection(
                    ^^^^^^^^^^^^^^^^^^^^^^^^^^^^^^^^^^^
    ...<7 lines>...
    )
    ^
  File "C:\Users\User\Desktop\to-do-list\venv\Lib\site-packages\aiohttp\connector.py", line 1333, in _wrap_create_connection
    raise client_error(req.connection_key, exc) from exc
aiohttp.client_exceptions.ClientConnectorError: Cannot connect to host api.telegram.org:443 ssl:default [None]

The above exception was the direct cause of the following exception:

Traceback (most recent call last):
  File "C:\Users\User\Desktop\to-do-list\venv\Lib\site-packages\aiogram\dispatcher\dispatcher.py", line 320, in _process_update
    response = await self.feed_update(bot, update, **kwargs)
               ^^^^^^^^^^^^^^^^^^^^^^^^^^^^^^^^^^^^^^^^^^^^^
  File "C:\Users\User\Desktop\to-do-list\venv\Lib\site-packages\aiogram\dispatcher\dispatcher.py", line 164, in feed_update
    response = await self.update.wrap_outer_middleware(
               ^^^^^^^^^^^^^^^^^^^^^^^^^^^^^^^^^^^^^^^^
    ...<7 lines>...
    )
    ^
  File "C:\Users\User\Desktop\to-do-list\venv\Lib\site-packages\aiogram\dispatcher\middlewares\error.py", line 27, in __call__
    return await handler(event, data)
           ^^^^^^^^^^^^^^^^^^^^^^^^^^
  File "C:\Users\User\Desktop\to-do-list\venv\Lib\site-packages\aiogram\dispatcher\middlewares\user_context.py", line 58, in __call__
    return await handler(event, data)
           ^^^^^^^^^^^^^^^^^^^^^^^^^^
  File "C:\Users\User\Desktop\to-do-list\venv\Lib\site-packages\aiogram\fsm\middleware.py", line 43, in __call__
    return await handler(event, data)
           ^^^^^^^^^^^^^^^^^^^^^^^^^^
  File "C:\Users\User\Desktop\to-do-list\venv\Lib\site-packages\aiogram\dispatcher\event\telegram.py", line 126, in trigger
    return await wrapped_inner(event, kwargs)
           ^^^^^^^^^^^^^^^^^^^^^^^^^^^^^^^^^^
  File "C:\Users\User\Desktop\to-do-list\venv\Lib\site-packages\aiogram\dispatcher\event\handler.py", line 71, in call
    return await wrapped()
           ^^^^^^^^^^^^^^^
  File "C:\Users\User\Desktop\to-do-list\venv\Lib\site-packages\aiogram\dispatcher\dispatcher.py", line 283, in _listen_update
    return await self.propagate_event(update_type=update_type, event=event, **kwargs)
           ^^^^^^^^^^^^^^^^^^^^^^^^^^^^^^^^^^^^^^^^^^^^^^^^^^^^^^^^^^^^^^^^^^^^^^^^^^
  File "C:\Users\User\Desktop\to-do-list\venv\Lib\site-packages\aiogram\dispatcher\router.py", line 163, in propagate_event
    return await observer.wrap_outer_middleware(_wrapped, event=event, data=kwargs)
           ^^^^^^^^^^^^^^^^^^^^^^^^^^^^^^^^^^^^^^^^^^^^^^^^^^^^^^^^^^^^^^^^^^^^^^^^
  File "C:\Users\User\Desktop\to-do-list\venv\Lib\site-packages\aiogram\dispatcher\router.py", line 155, in _wrapped
    return await self._propagate_event(
           ^^^^^^^^^^^^^^^^^^^^^^^^^^^^
    ...<4 lines>...
    )
    ^
  File "C:\Users\User\Desktop\to-do-list\venv\Lib\site-packages\aiogram\dispatcher\router.py", line 183, in _propagate_event
    response = await observer.trigger(event, **kwargs)
               ^^^^^^^^^^^^^^^^^^^^^^^^^^^^^^^^^^^^^^^
  File "C:\Users\User\Desktop\to-do-list\venv\Lib\site-packages\aiogram\dispatcher\event\telegram.py", line 126, in trigger
    return await wrapped_inner(event, kwargs)
           ^^^^^^^^^^^^^^^^^^^^^^^^^^^^^^^^^^
  File "C:\Users\User\Desktop\to-do-list\venv\Lib\site-packages\aiogram\dispatcher\event\handler.py", line 71, in call
    return await wrapped()
           ^^^^^^^^^^^^^^^
  File "C:\Users\User\Desktop\to-do-list\bot.py", line 47, in start_command
    await message.answer(
        "Привет! Я эхо-бот. Напиши мне что-нибудь, и я повторю.", reply_markup=get_main_keyboard()
    )
  File "C:\Users\User\Desktop\to-do-list\venv\Lib\site-packages\aiogram\methods\base.py", line 82, in emit
    return await bot(self)
           ^^^^^^^^^^^^^^^
  File "C:\Users\User\Desktop\to-do-list\venv\Lib\site-packages\aiogram\client\bot.py", line 493, in __call__
    return await self.session(self, method, timeout=request_timeout)
           ^^^^^^^^^^^^^^^^^^^^^^^^^^^^^^^^^^^^^^^^^^^^^^^^^^^^^^^^^
  File "C:\Users\User\Desktop\to-do-list\venv\Lib\site-packages\aiogram\client\session\base.py", line 259, in __call__
    return cast(TelegramType, await middleware(bot, method))
                              ^^^^^^^^^^^^^^^^^^^^^^^^^^^^^
  File "C:\Users\User\Desktop\to-do-list\venv\Lib\site-packages\aiogram\client\session\aiohttp.py", line 176, in make_request
    raise TelegramNetworkError(method=method, message=f"{type(e).__name__}: {e}") from e
aiogram.exceptions.TelegramNetworkError: HTTP Client says - ClientConnectorError: Cannot connect to host api.telegram.org:443 ssl:default [None]
2026-04-17 12:48:27,826 - aiogram.dispatcher - ERROR - Failed to fetch updates - TelegramNetworkError: HTTP Client says - ServerDisconnectedError: Server disconnected
2026-04-17 12:48:27,826 - aiogram.dispatcher - WARNING - Sleep for 1.000000 seconds and try again... (tryings = 0, bot id = 8674245853)
2026-04-17 12:48:31,653 - aiogram.dispatcher - ERROR - Failed to fetch updates - TelegramNetworkError: HTTP Client says - ClientConnectorError: Cannot connect to host api.telegram.org:443 ssl:default [None]
2026-04-17 12:48:31,653 - aiogram.dispatcher - WARNING - Sleep for 1.367460 seconds and try again... (tryings = 1, bot id = 8674245853)
2026-04-17 12:48:35,988 - aiogram.dispatcher - INFO - Polling stopped
2026-04-17 12:48:35,989 - aiogram.dispatcher - ERROR - Failed to fetch updates - TelegramNetworkError: HTTP Client says - ServerDisconnectedError: Server disconnected
2026-04-17 12:48:35,989 - aiogram.dispatcher - WARNING - Sleep for 1.859240 seconds and try again... (tryings = 2, bot id = 8674245853)
2026-04-17 12:48:36,252 - aiogram.dispatcher - INFO - Polling stopped for bot @MyFinancialAssistant223Bot id=8674245853 - 'financial-assistant-telegram'
2026-04-17 12:48:40,103 - __main__ - INFO - Бот запускается
2026-04-17 12:48:40,104 - aiogram.dispatcher - INFO - Start polling
2026-04-17 12:48:40,591 - aiogram.dispatcher - INFO - Run polling for bot @MyFinancialAssistant223Bot id=8674245853 - 'financial-assistant-telegram'
2026-04-17 12:48:43,434 - aiogram.event - INFO - Update id=353188169 is handled. Duration 641 ms by bot id=8674245853
2026-04-17 12:48:45,039 - aiogram.event - INFO - Update id=353188170 is handled. Duration 128 ms by bot id=8674245853
2026-04-17 12:48:48,484 - aiogram.event - INFO - Update id=353188171 is handled. Duration 136 ms by bot id=8674245853
2026-04-17 12:48:49,977 - aiogram.event - INFO - Update id=353188172 is handled. Duration 127 ms by bot id=8674245853
2026-04-17 12:49:01,747 - aiogram.event - INFO - Update id=353188173 is handled. Duration 128 ms by bot id=8674245853
2026-04-17 12:49:03,540 - aiogram.event - INFO - Update id=353188174 is handled. Duration 452 ms by bot id=8674245853
2026-04-17 12:53:01,904 - aiogram.dispatcher - ERROR - Failed to fetch updates - TelegramNetworkError: HTTP Client says - ServerDisconnectedError: Server disconnected
2026-04-17 12:53:01,904 - aiogram.dispatcher - WARNING - Sleep for 1.000000 seconds and try again... (tryings = 0, bot id = 8674245853)
2026-04-17 12:53:19,141 - aiogram.dispatcher - INFO - Connection established (tryings = 1, bot id = 8674245853)
2026-04-17 13:04:00,981 - aiogram.dispatcher - INFO - Polling stopped
2026-04-17 13:04:00,982 - aiogram.dispatcher - ERROR - Failed to fetch updates - TelegramNetworkError: HTTP Client says - ServerDisconnectedError: Server disconnected
2026-04-17 13:04:00,982 - aiogram.dispatcher - WARNING - Sleep for 1.000000 seconds and try again... (tryings = 0, bot id = 8674245853)
2026-04-17 13:04:01,236 - aiogram.dispatcher - INFO - Polling stopped for bot @MyFinancialAssistant223Bot id=8674245853 - 'financial-assistant-telegram'
2026-04-17 13:04:05,260 - __main__ - INFO - Бот запускается
2026-04-17 13:04:05,261 - aiogram.dispatcher - INFO - Start polling
2026-04-17 13:04:05,708 - aiogram.dispatcher - INFO - Run polling for bot @MyFinancialAssistant223Bot id=8674245853 - 'financial-assistant-telegram'
2026-04-17 13:04:15,597 - aiogram.event - INFO - Update id=353188175 is handled. Duration 2021 ms by bot id=8674245853
2026-04-17 13:04:19,151 - aiogram.event - INFO - Update id=353188176 is handled. Duration 219 ms by bot id=8674245853
2026-04-17 13:04:21,670 - aiogram.event - INFO - Update id=353188177 is handled. Duration 250 ms by bot id=8674245853
2026-04-17 13:04:24,762 - aiogram.event - INFO - Update id=353188178 is handled. Duration 961 ms by bot id=8674245853
2026-04-17 13:04:39,939 - aiogram.event - INFO - Update id=353188179 is handled. Duration 853 ms by bot id=8674245853
2026-04-17 13:04:47,839 - httpx - INFO - HTTP Request: POST https://my-todo-api-ono2.onrender.com/tasks/ "HTTP/1.1 201 Created"
2026-04-17 13:04:48,055 - aiogram.event - INFO - Update id=353188180 is handled. Duration 6404 ms by bot id=8674245853
2026-04-17 13:05:36,883 - aiogram.dispatcher - INFO - Polling stopped
2026-04-17 13:05:36,884 - aiogram.dispatcher - ERROR - Failed to fetch updates - TelegramNetworkError: HTTP Client says - ServerDisconnectedError: Server disconnected
2026-04-17 13:05:36,884 - aiogram.dispatcher - WARNING - Sleep for 1.000000 seconds and try again... (tryings = 0, bot id = 8674245853)
2026-04-17 13:05:37,147 - aiogram.dispatcher - INFO - Polling stopped for bot @MyFinancialAssistant223Bot id=8674245853 - 'financial-assistant-telegram'
